<?xml version="1.0" encoding="UTF-8"?>
<testsuite name="testSuite.recuperarInformacion" tests="1" skipped="0" failures="0" errors="0" timestamp="2021-04-13T19:15:35" hostname="DESKTOP-DIGRJAB" time="86.325">
  <properties/>
  <testcase name="sodimacPrueba" classname="testSuite.recuperarInformacion" time="86.325"/>
  <system-out><![CDATA[Archivo Eliminado
Se despliega correctamente el elemento "despliegue tabla", identificador: 
Archivo creado correctamente
]]></system-out>
  <system-err><![CDATA[]]></system-err>
</testsuite>
