<?xml version="1.0" encoding="UTF-8"?>
<testsuite name="testSuite.recuperarInformacion" tests="1" skipped="0" failures="0" errors="0" timestamp="2021-03-30T18:31:11" hostname="DESKTOP-DIGRJAB" time="19.405">
  <properties/>
  <testcase name="enviarCorreo" classname="testSuite.recuperarInformacion" time="19.405"/>
  <system-out><![CDATA[Se despliega correctamente el elemento "Boton matriz", identificador: 
id
Campo_Texto
Campo_Mail
Campo_Area_de_Texto
Campo_Fecha
Campo_Lista
Campo_Seleccion_Multiple
Combo_Radio_Button
4191 Felipe Lillo qanova@prueba.cl Este es un mensaje de prueba 29/12/2008 valor 1 selección 1 cr 2
4192 Felipe Lillo pruebas@gmail.com Prueba automatIzada 08/06/1978 valor 3 selección 1, selección 3, selección 2 cr 2

*********************************************
4191;  Felipe Lillo;  qanova@prueba.cl;  Este es un mensaje de prueba;  29/12/2008;  valor 1;  selección 1;  cr 2;

4191; 4192;  Felipe Lillo; Felipe Lillo;  qanova@prueba.cl; pruebas@gmail.com;  Este es un mensaje de prueba; Prueba automatIzada;  29/12/2008; 08/06/1978;  valor 1; valor 3;  selección 1; selección 1, selección 3, selección 2;  cr 2;cr 2;

ID
4191; 4192; 
TEXTO
Felipe Lillo; Felipe Lillo; 
EMAIL
qanova@prueba.cl; pruebas@gmail.com; 
AREA
Este es un mensaje de prueba; Prueba automatIzada; 
FECHA
29/12/2008; 08/06/1978; 
LISTA
valor 1; valor 3; 
SELECCION
selección 1; selección 1, selección 3, selección 2; 
RADIO
cr 2;cr 2;
*********************************************
Se despliega correctamente el elemento "Boton matriz", identificador: 
id
Campo_Texto
Campo_Mail
Campo_Area_de_Texto
Campo_Fecha
Campo_Lista
Campo_Seleccion_Multiple
Combo_Radio_Button
4191 Felipe Lillo qanova@prueba.cl Este es un mensaje de prueba 29/12/2008 valor 1 selección 1 cr 2
4192 Felipe Lillo pruebas@gmail.com Prueba automatIzada 08/06/1978 valor 3 selección 1, selección 3, selección 2 cr 2

*********************************************
4191;  Felipe Lillo;  qanova@prueba.cl;  Este es un mensaje de prueba;  29/12/2008;  valor 1;  selección 1;  cr 2;

4191; 4192;  Felipe Lillo; Felipe Lillo;  qanova@prueba.cl; pruebas@gmail.com;  Este es un mensaje de prueba; Prueba automatIzada;  29/12/2008; 08/06/1978;  valor 1; valor 3;  selección 1; selección 1, selección 3, selección 2;  cr 2;cr 2;

ID
4191; 4192; 
TEXTO
Felipe Lillo; Felipe Lillo; 
EMAIL
qanova@prueba.cl; pruebas@gmail.com; 
AREA
Este es un mensaje de prueba; Prueba automatIzada; 
FECHA
29/12/2008; 08/06/1978; 
LISTA
valor 1; valor 3; 
SELECCION
selección 1; selección 1, selección 3, selección 2; 
RADIO
cr 2;cr 2;
*********************************************
]]></system-out>
  <system-err><![CDATA[]]></system-err>
</testsuite>
