<?xml version="1.0" encoding="UTF-8"?>
<testsuite name="testSuite.recuperarInformacion" tests="1" skipped="0" failures="0" errors="0" timestamp="2021-03-30T21:30:33" hostname="DESKTOP-DIGRJAB" time="9.407">
  <properties/>
  <testcase name="ingresar" classname="testSuite.recuperarInformacion" time="9.407"/>
  <system-out><![CDATA[[PdfBciReport] closePDF
[PdfBciReport] createTitlePage
File: C8IYKYYE4AV3IZQ Not found
]]></system-out>
  <system-err><![CDATA[]]></system-err>
</testsuite>
