<?xml version="1.0" encoding="UTF-8"?>
<testsuite name="testSuite.recuperarInformacion" tests="1" skipped="0" failures="0" errors="0" timestamp="2021-04-05T22:10:50" hostname="DESKTOP-DIGRJAB" time="2.071">
  <properties/>
  <testcase name="resaltarCampos" classname="testSuite.recuperarInformacion" time="2.071"/>
  <system-out><![CDATA[]]></system-out>
  <system-err><![CDATA[]]></system-err>
</testsuite>
